<?xml version="1.0" encoding="UTF-8"?>
<!-- Generated by org.testng.reporters.JUnitReportReporter -->
<testsuite hostname="IN-3KKJ1J3" failures="0" tests="3" name="insuranceCalculation_motorcycle.ErrorTests_motorcycle" time="6.188" errors="0" timestamp="2023-04-13T15:37:44 IST" skipped="2">
  <testcase classname="insuranceCalculation_motorcycle.ErrorTests_motorcycle" name="verifyModelDropdownOptions" time="6.188"/>
  <system-out/>
  <testcase classname="insuranceCalculation_motorcycle.ErrorTests_motorcycle" name="errorMessage_PayloadField1">
    <skipped/>
  </testcase> <!-- errorMessage_PayloadField1 -->
  <system-out/>
  <testcase classname="insuranceCalculation_motorcycle.ErrorTests_motorcycle" name="errorMessage_PayloadField">
    <skipped/>
  </testcase> <!-- errorMessage_PayloadField -->
  <system-out/>
</testsuite> <!-- insuranceCalculation_motorcycle.ErrorTests_motorcycle -->
