<?xml version="1.0" encoding="UTF-8"?>
<!-- Generated by org.testng.reporters.JUnitReportReporter -->
<testsuite hostname="IN-3KKJ1J3" failures="0" tests="2" name="insuranceCalculation_motorcycle.EndToEndTests_motorcycle" time="7.761" errors="0" timestamp="2023-04-10T17:21:27 IST" skipped="0">
  <testcase classname="insuranceCalculation_motorcycle.EndToEndTests_motorcycle" name="insuranceCalculate_Volvomotor" time="4.409"/>
  <system-out/>
  <testcase classname="insuranceCalculation_motorcycle.EndToEndTests_motorcycle" name="insuranceCalculate_Fordmoter" time="3.352"/>
  <system-out/>
</testsuite> <!-- insuranceCalculation_motorcycle.EndToEndTests_motorcycle -->
